2026-01-12 23:05:33 - lottery - INFO - Loaded config from config.yaml
2026-01-12 23:05:33 - lottery - INFO - Analyzing data from data\ssq.db...
2026-01-12 23:06:24 - lottery - INFO - Loaded config from config_smoke.yaml
2026-01-12 23:07:00 - lottery - INFO - Loaded config from config_smoke.yaml
2026-01-12 23:07:18 - lottery - INFO - Starting training pipeline...
2026-01-12 23:08:00 - lottery - INFO - Loaded config from config_smoke.yaml
2026-01-12 23:08:04 - lottery - INFO - Starting training pipeline...
2026-01-12 23:08:04 - lottery - INFO - Loaded 50 samples.
2026-01-12 23:08:04 - lottery - INFO - Processing model: CatBoost
2026-01-12 23:08:04 - lottery - INFO - Training CatBoost models (window=5)...
2026-01-12 23:08:08 - lottery - ERROR - Failed to train CatBoost: CatBoostPredictor.save() missing 1 required positional argument: 'path'
2026-01-12 23:08:08 - lottery - INFO - Processing model: SeqModel
2026-01-12 23:08:08 - lottery - INFO - Training SeqModel (window=5)...
2026-01-12 23:08:11 - lottery - INFO - SeqModel saved to models\seq_w5_dm16_h2_l1_ff32_dr0.1_lr0.01.pt
2026-01-12 23:08:11 - lottery - INFO - Processing model: TFT
2026-01-12 23:08:11 - lottery - INFO - Training TFT (window=5)...
2026-01-12 23:08:14 - lottery - INFO - TFT model saved to models\tft_w5_dm16_h2_l1_ff32_dr0.1_fw50_ew50_lr0.01.pt
2026-01-12 23:08:14 - lottery - INFO - Processing model: NHits
2026-01-12 23:08:14 - lottery - INFO - Training NHits (size=5)...
2026-01-12 23:08:14 - lottery - INFO - NHits model saved to models\nhits_in5_1l_10s.pkl
2026-01-12 23:08:14 - lottery - INFO - Processing model: TimesNet
2026-01-12 23:08:14 - lottery - INFO - Training TimesNet (size=5)...
2026-01-12 23:08:15 - lottery - INFO - TimesNet model saved to models\timesnet_in5_h8_10s.pkl
2026-01-12 23:08:15 - lottery - INFO - Processing model: Prophet
2026-01-12 23:08:15 - lottery - INFO - Training Prophet...
2026-01-12 23:08:16 - lottery - INFO - Prophet model saved to models\prophet.pkl
2026-01-12 23:08:16 - lottery - INFO - Blending 5 models...
2026-01-12 23:08:23 - lottery - INFO - [Blend] Blue Top1 Acc: 0.000, Next Prediction: 10 (prob=0.639)
2026-01-12 23:08:31 - lottery - INFO - [Blend] Sum MAE: inf, Next Sum: 97.16
2026-01-12 23:08:38 - lottery - INFO - [Blend] Red Pos Acc: 0.000, Next Red: {1: 3, 2: 8, 3: 12, 4: 7, 5: 11, 6: 14}
2026-01-12 23:08:42 - lottery - INFO - Loaded config from config_smoke.yaml
2026-01-12 23:08:42 - lottery - INFO - Analyzing data from data\ssq.db...
2026-01-12 23:08:54 - lottery - INFO - Loaded config from config_smoke.yaml
2026-01-12 23:08:54 - lottery - INFO - Analyzing data from data\ssq.db...
2026-01-12 23:14:18 - lottery - INFO - Loaded config from config_smoke.yaml
2026-01-12 23:14:22 - lottery - INFO - [Backtest] Starting rolling backtest from index 16/20 (Interval=5)...
2026-01-12 23:14:22 - lottery - INFO - Training CatBoost models (window=5)...
2026-01-12 23:14:22 - lottery - INFO - [FeatureStore] Computing features (macro_v1)...
2026-01-12 23:14:22 - lottery - INFO - [FeatureStore] Saved cache: 4c1c6f7e53c7b2c3b89ecceeaec3b3c9_macro_v1.parquet
2026-01-12 23:14:27 - lottery - INFO - [FeatureStore] Hit cache: 4c1c6f7e53c7b2c3b89ecceeaec3b3c9_macro_v1.parquet
2026-01-12 23:14:27 - lottery - INFO - [FeatureStore] Computing features (macro_v1)...
2026-01-12 23:14:27 - lottery - INFO - [FeatureStore] Saved cache: 3d520e14af6c14314fa8a35344d1270a_macro_v1.parquet
2026-01-12 23:14:27 - lottery - INFO - [FeatureStore] Computing features (macro_v1)...
2026-01-12 23:14:27 - lottery - INFO - [FeatureStore] Saved cache: bc4ff5eeabb4ea807730cae616f3565b_macro_v1.parquet
2026-01-12 23:14:27 - lottery - INFO - [FeatureStore] Computing features (macro_v1)...
2026-01-12 23:14:27 - lottery - INFO - [FeatureStore] Saved cache: 73fcd367f5ce151a2f2b2ff34e84fb3d_macro_v1.parquet
2026-01-12 23:14:27 - lottery - INFO - [Backtest] Completed. Samples: 4
2026-01-12 23:14:27 - lottery - INFO - [Backtest] Blue Top1: 0.0000
2026-01-12 23:14:27 - lottery - INFO - [Backtest] Blue Top3: 0.0000
2026-01-12 23:14:27 - lottery - INFO - [Backtest] Blue NLL:  34.5388
2026-01-12 23:20:54 - lottery - INFO - Loaded config from config_smoke.yaml
2026-01-12 23:20:59 - lottery - INFO - [Backtest] Starting rolling backtest from index 8/10 (Interval=2)...
2026-01-12 23:20:59 - lottery - INFO - Training GNN...
2026-01-12 23:20:59 - lottery - INFO - GNN Epoch 0: Loss 0.5932
2026-01-12 23:20:59 - lottery - INFO - [Backtest] Completed. Samples: 2
2026-01-12 23:20:59 - lottery - INFO - [Backtest] Blue Top1: 0.0000
2026-01-12 23:20:59 - lottery - INFO - [Backtest] Blue Top3: 0.0000
2026-01-12 23:20:59 - lottery - INFO - [Backtest] Blue NLL:  34.5388
2026-01-12 23:21:01 - lottery - INFO - Loaded config from config_smoke.yaml
2026-01-12 23:21:05 - lottery - INFO - [Backtest] Starting rolling backtest from index 8/10 (Interval=2)...
2026-01-12 23:21:05 - lottery - INFO - Training RL Policy...
2026-01-12 23:21:26 - lottery - INFO - Loaded config from config_smoke.yaml
2026-01-12 23:21:30 - lottery - INFO - [Backtest] Starting rolling backtest from index 24/30 (Interval=2)...
2026-01-12 23:21:30 - lottery - INFO - Training RL Policy...
2026-01-12 23:21:31 - lottery - INFO - RL Episode 0: Avg Reward 13.66
2026-01-12 23:21:32 - lottery - INFO - Training RL Policy...
2026-01-12 23:21:32 - lottery - INFO - RL Episode 0: Avg Reward 12.44
2026-01-12 23:21:32 - lottery - INFO - Training RL Policy...
2026-01-12 23:21:32 - lottery - INFO - RL Episode 0: Avg Reward 15.03
2026-01-12 23:21:32 - lottery - INFO - [Backtest] Completed. Samples: 6
2026-01-12 23:21:32 - lottery - INFO - [Backtest] Blue Top1: 0.0000
2026-01-12 23:21:32 - lottery - INFO - [Backtest] Blue Top3: 0.0000
2026-01-12 23:21:32 - lottery - INFO - [Backtest] Blue NLL:  34.5388
2026-01-12 23:29:18 - lottery - INFO - Training GNN...
2026-01-12 23:29:19 - lottery - INFO - GNN Epoch 0: Loss 0.0710
2026-01-12 23:29:51 - lottery - INFO - Training GNN...
2026-01-12 23:29:52 - lottery - INFO - GNN Epoch 0: Loss 0.0742
2026-01-12 23:29:52 - lottery - INFO - Training GNN...
2026-01-12 23:29:52 - lottery - INFO - Resumed GNN model from models/GNN
2026-01-12 23:29:52 - lottery - INFO - GNN Epoch 0: Loss 0.0040
2026-01-12 23:29:52 - lottery - INFO - Training GNN...
2026-01-12 23:29:52 - lottery - INFO - Resumed GNN model from models/GNN
2026-01-12 23:29:52 - lottery - INFO - GNN Epoch 0: Loss 81.8195
2026-01-12 23:53:03 - lottery - INFO - Loaded config from config_smoke.yaml
2026-01-12 23:53:07 - lottery - INFO - Starting training pipeline (Parallel)...
2026-01-12 23:53:07 - lottery - INFO - Loaded 50 samples.
2026-01-12 23:53:12 - lottery - INFO - [Parallel] Training CatBoost...
2026-01-12 23:53:12 - lottery - INFO - [Parallel] Training TFT...
2026-01-12 23:53:12 - lottery - INFO - Training CatBoost models (window=5)...
2026-01-12 23:53:12 - lottery - INFO - Training TFT (window=5)...
2026-01-12 23:53:12 - lottery - ERROR - [Parallel] Failed TFT: 'TFTConfig' object has no attribute 'resume'
2026-01-12 23:53:12 - lottery - INFO - [Parallel] Training TimesNet...
2026-01-12 23:53:12 - lottery - INFO - Training TimesNet (size=5)...
2026-01-12 23:53:12 - lottery - INFO - [FeatureStore] Computing features (macro_polars)...
2026-01-12 23:53:12 - lottery - ERROR - [Parallel] Failed TimesNet: 'TimesNetConfig' object has no attribute 'resume'
2026-01-12 23:53:12 - lottery - INFO - [Parallel] Training Prophet...
2026-01-12 23:53:12 - lottery - INFO - Training Prophet...
2026-01-12 23:53:12 - lottery - INFO - [FeatureStore] Computing features (macro_polars)...
2026-01-12 23:53:12 - lottery - INFO - [Parallel] Training NHits...
2026-01-12 23:53:12 - lottery - INFO - [Parallel] Training SeqModel...
2026-01-12 23:53:12 - lottery - INFO - Training NHits (size=5)...
2026-01-12 23:53:12 - lottery - INFO - Training SeqModel (window=5)...
2026-01-12 23:53:12 - lottery - ERROR - [Parallel] Failed NHits: 'NHitsConfig' object has no attribute 'resume'
2026-01-12 23:53:12 - lottery - ERROR - [Parallel] Failed SeqModel: 'TrainConfig' object has no attribute 'resume'
2026-01-12 23:53:12 - lottery - INFO - [Parallel] Training GNN...
2026-01-12 23:53:12 - lottery - INFO - [Parallel] Training RL...
2026-01-12 23:53:12 - lottery - INFO - Training GNN...
2026-01-12 23:53:12 - lottery - INFO - Training RL Policy...
2026-01-12 23:53:12 - lottery - ERROR - [Parallel] Failed CatBoost: invalid series dtype: expected `String`, got `datetime[ns]` for series with name `draw_date`
2026-01-12 23:53:12 - lottery - ERROR - [Parallel] Failed Prophet: invalid series dtype: expected `String`, got `datetime[ns]` for series with name `draw_date`
2026-01-12 23:53:13 - lottery - INFO - RL Episode 0: Avg Reward 12.75
2026-01-12 23:53:13 - lottery - INFO - GNN Epoch 0: Loss 0.5273
2026-01-12 23:53:13 - lottery - INFO - [Parallel] RL trained and saved.
2026-01-12 23:53:13 - lottery - INFO - [Parallel] GNN trained and saved.
2026-01-12 23:53:14 - lottery - INFO - Blending 2 models...
2026-01-12 23:53:14 - lottery - WARNING - Not enough data for RL prediction
2026-01-12 23:53:14 - lottery - WARNING - Not enough data for RL prediction
2026-01-12 23:53:14 - lottery - WARNING - Not enough data for RL prediction
2026-01-12 23:53:14 - lottery - WARNING - Not enough data for RL prediction
2026-01-12 23:53:14 - lottery - WARNING - Not enough data for RL prediction
2026-01-12 23:53:14 - lottery - WARNING - Not enough data for RL prediction
2026-01-12 23:53:14 - lottery - WARNING - Not enough data for RL prediction
2026-01-12 23:53:14 - lottery - WARNING - Not enough data for RL prediction
2026-01-12 23:53:14 - lottery - WARNING - Not enough data for RL prediction
2026-01-12 23:53:14 - lottery - INFO - [Blend] Blue Top1 Acc: 0.000, Next Prediction: 10 (prob=0.247)
2026-01-12 23:53:14 - lottery - WARNING - Not enough data for RL prediction
2026-01-12 23:53:14 - lottery - WARNING - Not enough data for RL prediction
2026-01-12 23:53:14 - lottery - WARNING - Not enough data for RL prediction
2026-01-12 23:53:14 - lottery - WARNING - Not enough data for RL prediction
2026-01-12 23:53:14 - lottery - WARNING - Not enough data for RL prediction
2026-01-12 23:53:14 - lottery - WARNING - Not enough data for RL prediction
2026-01-12 23:53:14 - lottery - WARNING - Not enough data for RL prediction
2026-01-12 23:53:14 - lottery - WARNING - Not enough data for RL prediction
2026-01-12 23:53:14 - lottery - WARNING - Not enough data for RL prediction
2026-01-12 23:53:14 - lottery - INFO - [Blend] Sum MAE: inf, Next Sum: 107.35
2026-01-12 23:53:14 - lottery - WARNING - Not enough data for RL prediction
2026-01-12 23:53:14 - lottery - WARNING - Not enough data for RL prediction
2026-01-12 23:53:14 - lottery - WARNING - Not enough data for RL prediction
2026-01-12 23:53:14 - lottery - WARNING - Not enough data for RL prediction
2026-01-12 23:53:14 - lottery - WARNING - Not enough data for RL prediction
2026-01-12 23:53:14 - lottery - WARNING - Not enough data for RL prediction
2026-01-12 23:53:14 - lottery - WARNING - Not enough data for RL prediction
2026-01-12 23:53:14 - lottery - WARNING - Not enough data for RL prediction
2026-01-12 23:53:14 - lottery - WARNING - Not enough data for RL prediction
2026-01-12 23:53:14 - lottery - INFO - [Blend] Red Pos Acc: 0.000, Next Red: {1: 1, 2: 8, 3: 7, 4: 7, 5: 11}
2026-01-13 00:00:07 - lottery - INFO - [FeatureStore] Computing features (macro_polars)...
2026-01-13 00:00:55 - lottery - INFO - [FeatureStore] Computing features (macro_polars)...
2026-01-13 00:00:55 - lottery - INFO - [FeatureStore] Saved cache: cfce7b5d26ba0e6c285b66e8e5e8e3b7_macro_polars.parquet
2026-01-13 00:00:55 - lottery - INFO - [FeatureStore] Computing features (macro_polars)...
2026-01-13 00:00:55 - lottery - INFO - [FeatureStore] Saved cache: 13e190f3139b803312a98bb1c7f75baa_macro_polars.parquet
2026-01-13 00:00:55 - lottery - INFO - [Parallel] Training CatBoost_Test...
2026-01-13 00:00:55 - lottery - INFO - Training CatBoost models (window=10)...
2026-01-13 00:00:55 - lottery - INFO - [FeatureStore] Hit cache: 13e190f3139b803312a98bb1c7f75baa_macro_polars.parquet
2026-01-13 00:00:55 - lottery - ERROR - [Parallel] Failed CatBoost_Test: need at least one array to stack
2026-01-13 00:01:32 - lottery - INFO - [FeatureStore] Hit cache: cfce7b5d26ba0e6c285b66e8e5e8e3b7_macro_polars.parquet
2026-01-13 00:01:32 - lottery - INFO - [FeatureStore] Computing features (macro_polars)...
2026-01-13 00:01:32 - lottery - INFO - [FeatureStore] Saved cache: bb228c917c7b3f85c436e7c599dd8e1a_macro_polars.parquet
2026-01-13 00:01:32 - lottery - INFO - [Parallel] Training CatBoost_Test...
2026-01-13 00:01:32 - lottery - INFO - Training CatBoost models (window=10)...
2026-01-13 00:01:32 - lottery - INFO - [FeatureStore] Hit cache: bb228c917c7b3f85c436e7c599dd8e1a_macro_polars.parquet
2026-01-13 00:01:33 - lottery - ERROR - [Parallel] Failed CatBoost_Test: catboost/private/libs/target/target_converter.cpp:404: Target contains only one unique value
2026-01-13 00:02:16 - lottery - INFO - [FeatureStore] Hit cache: cfce7b5d26ba0e6c285b66e8e5e8e3b7_macro_polars.parquet
2026-01-13 00:02:16 - lottery - INFO - [FeatureStore] Hit cache: bb228c917c7b3f85c436e7c599dd8e1a_macro_polars.parquet
2026-01-13 00:02:16 - lottery - INFO - [Parallel] Training CatBoost_Test...
2026-01-13 00:02:16 - lottery - INFO - Training CatBoost models (window=10)...
2026-01-13 00:02:16 - lottery - INFO - [FeatureStore] Hit cache: bb228c917c7b3f85c436e7c599dd8e1a_macro_polars.parquet
2026-01-13 00:02:17 - lottery - ERROR - [Parallel] Failed CatBoost_Test: catboost/private/libs/target/target_converter.cpp:404: Target contains only one unique value
2026-01-13 00:03:15 - lottery - INFO - [FeatureStore] Hit cache: cfce7b5d26ba0e6c285b66e8e5e8e3b7_macro_polars.parquet
2026-01-13 00:03:15 - lottery - INFO - [FeatureStore] Computing features (macro_polars)...
2026-01-13 00:03:15 - lottery - INFO - [FeatureStore] Saved cache: ed456475557d050520206b853fdb06c3_macro_polars.parquet
2026-01-13 00:03:15 - lottery - INFO - [Parallel] Training CatBoost_Test...
2026-01-13 00:03:15 - lottery - INFO - Training CatBoost models (window=10)...
2026-01-13 00:03:15 - lottery - INFO - [FeatureStore] Hit cache: ed456475557d050520206b853fdb06c3_macro_polars.parquet
2026-01-13 00:03:27 - lottery - ERROR - [Parallel] Failed CatBoost_Test: CatBoostPredictor.save() missing 1 required positional argument: 'path'
2026-01-13 00:31:00 - lottery - INFO - [FeatureStore] Computing features (macro_polars)...
2026-01-13 00:31:00 - lottery - INFO - [FeatureStore] Saved cache: dd3566c8a8f7898af05a49746e0a6f82_macro_polars.parquet
2026-01-13 00:38:35 - lottery - INFO - [FeatureStore] Computing features (macro_polars)...
2026-01-13 00:38:46 - lottery - INFO - [FeatureStore] Saved cache: 4bf6243de649951f0d1d6e27b17c3aa7_macro_polars.parquet
2026-01-13 01:01:29 - lottery - INFO - [FeatureStore] Hit cache: ccbe9245073b0f151f868698ab8dc943_macro_polars.parquet
2026-01-13 01:01:46 - lottery - INFO - [FeatureStore] Hit cache: 71e2812b9c4a5f97e7a085db0b5ae0a3_macro_polars.parquet
2026-01-13 01:01:46 - lottery - INFO - [FeatureStore] Computing features (macro_polars)...
2026-01-13 01:01:47 - lottery - INFO - [FeatureStore] Saved cache: 1c59c3baba0ace5a820d617142660639_macro_polars.parquet
2026-01-13 01:01:47 - lottery - INFO - [FeatureStore] Computing features (macro_polars)...
2026-01-13 01:01:48 - lottery - INFO - [FeatureStore] Saved cache: bddd6277714bc283dfb0676295206e5f_macro_polars.parquet
2026-01-13 01:01:48 - lottery - INFO - [FeatureStore] Hit cache: ccbe9245073b0f151f868698ab8dc943_macro_polars.parquet
2026-01-13 01:01:48 - lottery - INFO - [FeatureStore] Hit cache: 5e3e449067507afbb690dcfb1c9d50ed_macro_polars.parquet
2026-01-13 01:01:48 - lottery - INFO - [FeatureStore] Computing features (macro_polars)...
2026-01-13 01:01:48 - lottery - INFO - [FeatureStore] Saved cache: a880da1dedbbfeae0ee43a72a11d2b13_macro_polars.parquet
2026-01-13 01:01:48 - lottery - INFO - [FeatureStore] Computing features (macro_polars)...
2026-01-13 01:01:48 - lottery - INFO - [FeatureStore] Saved cache: a122af7045f481d3f50b403c2d6aefae_macro_polars.parquet
2026-01-13 01:01:48 - lottery - INFO - [FeatureStore] Computing features (macro_polars)...
2026-01-13 01:01:48 - lottery - INFO - [FeatureStore] Saved cache: dc318124931e233722af2fb21f5238b3_macro_polars.parquet
2026-01-13 01:01:48 - lottery - INFO - [FeatureStore] Computing features (macro_polars)...
2026-01-13 01:01:48 - lottery - INFO - [FeatureStore] Saved cache: 9a85f8f48a9833f102a9cdd3472632d3_macro_polars.parquet
2026-01-13 01:01:48 - lottery - INFO - [FeatureStore] Computing features (macro_polars)...
2026-01-13 01:01:48 - lottery - INFO - [FeatureStore] Saved cache: 8c7294e997f33c58df64d7af922958f4_macro_polars.parquet
2026-01-13 01:01:48 - lottery - INFO - [FeatureStore] Hit cache: 1c59c3baba0ace5a820d617142660639_macro_polars.parquet
2026-01-13 01:01:48 - lottery - INFO - [FeatureStore] Hit cache: 1c59c3baba0ace5a820d617142660639_macro_polars.parquet
